<?xml version="1.0" encoding="UTF-8"?>
<testsuites name="Template Tests" tests="1" failures="0" errors="0" time="2.235">
  <testsuite name="Hello World" errors="0" failures="0" skipped="0" timestamp="2023-08-26T12:21:21" time="1.831" tests="1">
    <testcase classname="Hello World renders the welcome message" name="Hello World renders the welcome message" time="0.02">
    </testcase>
  </testsuite>
</testsuites>